<?xml version="1.0" encoding="UTF-8"?>
<!-- Generated by org.testng.reporters.JUnitReportReporter -->
<testsuite hostname="Hcl-PC" failures="0" tests="4" name="dataDriven.ReqresCRUD" time="20.002" errors="0" timestamp="2023-09-17T15:21:13 IST" skipped="0">
  <testcase classname="dataDriven.ReqresCRUD" name="delete" time="16.438"/>
  <system-out/>
  <testcase classname="dataDriven.ReqresCRUD" name="put" time="1.212"/>
  <system-out/>
  <testcase classname="dataDriven.ReqresCRUD" name="get" time="0.904"/>
  <system-out/>
  <testcase classname="dataDriven.ReqresCRUD" name="post" time="1.448"/>
  <system-out/>
</testsuite> <!-- dataDriven.ReqresCRUD -->
