<?xml version="1.0" encoding="UTF-8"?>
<!-- Generated by org.testng.reporters.JUnitReportReporter -->
<testsuite hostname="Hcl-PC" failures="0" tests="1" name="dataDriven.ReqresSingleCRUD" time="11.958" errors="0" timestamp="2023-09-17T13:56:03 IST" skipped="0">
  <testcase classname="dataDriven.ReqresSingleCRUD" name="reqresCRUD" time="11.958"/>
  <system-out/>
</testsuite> <!-- dataDriven.ReqresSingleCRUD -->
