<?xml version="1.0" encoding="UTF-8"?>
<!-- Generated by org.testng.reporters.JUnitReportReporter -->
<testsuite hostname="Hcl-PC" failures="0" tests="4" name="wireMock.WireMockCRUD" time="5.183" errors="0" timestamp="2023-09-16T17:05:10 IST" skipped="0">
  <testcase classname="wireMock.WireMockCRUD" name="wireMockDelete" time="4.470"/>
  <system-out/>
  <testcase classname="wireMock.WireMockCRUD" name="wireMockGet" time="0.241"/>
  <system-out/>
  <testcase classname="wireMock.WireMockCRUD" name="wireMockPut" time="0.248"/>
  <system-out/>
  <testcase classname="wireMock.WireMockCRUD" name="wireMockPost" time="0.224"/>
  <system-out/>
</testsuite> <!-- wireMock.WireMockCRUD -->
