<?xml version="1.0" encoding="UTF-8"?>
<!-- Generated by org.testng.reporters.JUnitReportReporter -->
<testsuite hostname="Hcl-PC" failures="0" tests="1" name="serializationDemo.ComplexSerialization" time="4.972" errors="0" timestamp="2023-09-11T14:10:41 IST" skipped="0">
  <testcase classname="serializationDemo.ComplexSerialization" name="complexSerializationTest" time="4.972"/>
  <system-out/>
</testsuite> <!-- serializationDemo.ComplexSerialization -->
