<?xml version="1.0" encoding="UTF-8"?>
<!-- Generated by org.testng.reporters.JUnitReportReporter -->
<testsuite hostname="Hcl-PC" failures="0" tests="4" name="demoAPI.ReqresCRUD" time="16.802" errors="0" timestamp="2023-08-26T12:52:59 IST" skipped="0">
  <testcase classname="demoAPI.ReqresCRUD" name="reqresPost" time="0.919"/>
  <system-out/>
  <testcase classname="demoAPI.ReqresCRUD" name="reqresGet" time="1.056"/>
  <system-out/>
  <testcase classname="demoAPI.ReqresCRUD" name="reqresDelete" time="13.956"/>
  <system-out/>
  <testcase classname="demoAPI.ReqresCRUD" name="reqresPut" time="0.871"/>
  <system-out/>
</testsuite> <!-- demoAPI.ReqresCRUD -->
