<?xml version="1.0" encoding="UTF-8"?>
<!-- Generated by org.testng.reporters.JUnitReportReporter -->
<testsuite hostname="Hcl-PC" failures="0" tests="4" name="exerciseAPI.GithubCRUD" time="8.905" errors="0" timestamp="2023-08-27T04:59:50 IST" skipped="0">
  <testcase classname="exerciseAPI.GithubCRUD" name="githubPost" time="5.840"/>
  <system-out/>
  <testcase classname="exerciseAPI.GithubCRUD" name="githubPut" time="1.177"/>
  <system-out/>
  <testcase classname="exerciseAPI.GithubCRUD" name="githubGet" time="0.959"/>
  <system-out/>
  <testcase classname="exerciseAPI.GithubCRUD" name="githubDelete" time="0.929"/>
  <system-out/>
</testsuite> <!-- exerciseAPI.GithubCRUD -->
