<?xml version="1.0" encoding="UTF-8"?>
<!-- Generated by org.testng.reporters.JUnitReportReporter -->
<testsuite hostname="Hcl-PC" failures="0" tests="4" name="exerciseAPI.ReqresCRUD" time="10.798" errors="0" timestamp="2023-10-08T17:08:03 IST" skipped="0">
  <testcase classname="exerciseAPI.ReqresCRUD" name="reqresDelete" time="7.855"/>
  <system-out/>
  <testcase classname="exerciseAPI.ReqresCRUD" name="reqresPost" time="0.928"/>
  <system-out/>
  <testcase classname="exerciseAPI.ReqresCRUD" name="reqresPut" time="0.939"/>
  <system-out/>
  <testcase classname="exerciseAPI.ReqresCRUD" name="reqresGet" time="1.076"/>
  <system-out/>
</testsuite> <!-- exerciseAPI.ReqresCRUD -->
