<?xml version="1.0" encoding="UTF-8"?>
<!-- Generated by org.testng.reporters.JUnitReportReporter -->
<testsuite hostname="Hcl-PC" failures="0" tests="1" name="dataDriven.TaskGithub" time="72.401" errors="0" timestamp="2023-09-17T18:15:28 IST" skipped="0">
  <testcase classname="dataDriven.TaskGithub" name="github_CRUD" time="72.401"/>
  <system-out/>
</testsuite> <!-- dataDriven.TaskGithub -->
