<?xml version="1.0" encoding="UTF-8"?>
<!-- Generated by org.testng.reporters.JUnitReportReporter -->
<testsuite hostname="Hcl-PC" failures="0" tests="1" name="serializationDemo.LoopSerialization" time="4.903" errors="0" timestamp="2023-09-11T13:26:05 IST" skipped="0">
  <testcase classname="serializationDemo.LoopSerialization" name="serializationTest" time="4.903"/>
  <system-out/>
</testsuite> <!-- serializationDemo.LoopSerialization -->
