<?xml version="1.0" encoding="UTF-8"?>
<!-- Generated by org.testng.reporters.JUnitReportReporter -->
<testsuite hostname="Hcl-PC" failures="0" tests="1" name="serializationDemo.SimpleSerilization" time="4.236" errors="0" timestamp="2023-09-09T14:21:03 IST" skipped="0">
  <testcase classname="serializationDemo.SimpleSerilization" name="simpleSerializationTest" time="4.236"/>
  <system-out/>
</testsuite> <!-- serializationDemo.SimpleSerilization -->
