<?xml version="1.0" encoding="UTF-8"?>
<!-- Generated by org.testng.reporters.JUnitReportReporter -->
<testsuite hostname="Hcl-PC" failures="0" tests="1" name="serializationDemo.ComplexSerializationList" time="0.637" errors="0" timestamp="2023-09-11T14:12:06 IST" skipped="0">
  <testcase classname="serializationDemo.ComplexSerializationList" name="test" time="0.637"/>
  <system-out/>
</testsuite> <!-- serializationDemo.ComplexSerializationList -->
