<?xml version="1.0" encoding="UTF-8"?>
<!-- Generated by org.testng.reporters.JUnitReportReporter -->
<testsuite hostname="Hcl-PC" failures="0" tests="1" name="dataDriven.GithubSingleCRUD" time="24.777" errors="0" timestamp="2023-09-17T23:38:25 IST" skipped="0">
  <testcase classname="dataDriven.GithubSingleCRUD" name="githubCRUD" time="24.777"/>
  <system-out/>
</testsuite> <!-- dataDriven.GithubSingleCRUD -->
