<?xml version="1.0" encoding="UTF-8"?>
<!-- Generated by org.testng.reporters.JUnitReportReporter -->
<testsuite hostname="Hcl-PC" failures="0" tests="1" name="jsonParsingDemo.JsonValidatorDemo" time="3.599" errors="0" timestamp="2023-08-29T01:33:38 IST" skipped="0">
  <testcase classname="jsonParsingDemo.JsonValidatorDemo" name="reqresExtract" time="3.599"/>
  <system-out/>
</testsuite> <!-- jsonParsingDemo.JsonValidatorDemo -->
