<?xml version="1.0" encoding="UTF-8"?>
<!-- Generated by org.testng.reporters.JUnitReportReporter -->
<testsuite hostname="Hcl-PC" failures="0" tests="5" name="githubRepos.GetRequest" time="23.558" errors="0" timestamp="2023-08-27T05:15:25 IST" skipped="0">
  <testcase classname="githubRepos.GetRequest" name="getReposList" time="0.688"/>
  <system-out/>
  <testcase classname="githubRepos.GetRequest" name="getRepoTopics" time="18.698"/>
  <system-out/>
  <testcase classname="githubRepos.GetRequest" name="getReposPublic" time="2.751"/>
  <system-out/>
  <testcase classname="githubRepos.GetRequest" name="getReposTags" time="0.618"/>
  <system-out/>
  <testcase classname="githubRepos.GetRequest" name="getReposForUser" time="0.803"/>
  <system-out/>
</testsuite> <!-- githubRepos.GetRequest -->
