<?xml version="1.0" encoding="UTF-8"?>
<!-- Generated by org.testng.reporters.JUnitReportReporter -->
<testsuite hostname="Hcl-PC" failures="0" tests="1" name="wireMock.WireMockDemo" time="5.782" errors="0" timestamp="2023-09-16T12:46:27 IST" skipped="0">
  <testcase classname="wireMock.WireMockDemo" name="postRequest" time="5.782"/>
  <system-out/>
</testsuite> <!-- wireMock.WireMockDemo -->
