<?xml version="1.0" encoding="UTF-8"?>
<!-- Generated by org.testng.reporters.JUnitReportReporter -->
<testsuite hostname="Hcl-PC" failures="0" tests="1" name="demoTests.RestDemoWebsite" time="15.627" errors="0" timestamp="2023-10-07T21:14:47 IST" skipped="0">
  <testcase classname="demoTests.RestDemoWebsite" name="updateSingleEmployee" time="15.627"/>
  <system-out/>
</testsuite> <!-- demoTests.RestDemoWebsite -->
