<?xml version="1.0" encoding="UTF-8"?>
<!-- Generated by org.testng.reporters.JUnitReportReporter -->
<testsuite hostname="Hcl-PC" failures="0" tests="4" name="demoAPI.GithubCRUD" time="23.874" errors="0" timestamp="2023-08-26T18:32:54 IST" skipped="0">
  <testcase classname="demoAPI.GithubCRUD" name="githubPost" time="20.958"/>
  <system-out/>
  <testcase classname="demoAPI.GithubCRUD" name="githubPut" time="1.351"/>
  <system-out/>
  <testcase classname="demoAPI.GithubCRUD" name="githubGet" time="0.731"/>
  <system-out/>
  <testcase classname="demoAPI.GithubCRUD" name="githubDelete" time="0.834"/>
  <system-out/>
</testsuite> <!-- demoAPI.GithubCRUD -->
