<?xml version="1.0" encoding="UTF-8"?>
<!-- Generated by org.testng.reporters.JUnitReportReporter -->
<testsuite hostname="Hcl-PC" failures="0" tests="1" name="dataDriven.TaskReqres" time="21.171" errors="0" timestamp="2023-09-17T16:32:35 IST" skipped="0">
  <testcase classname="dataDriven.TaskReqres" name="reqres_CRUD" time="21.171"/>
  <system-out/>
</testsuite> <!-- dataDriven.TaskReqres -->
