<?xml version="1.0" encoding="UTF-8"?>
<!-- Generated by org.testng.reporters.JUnitReportReporter -->
<testsuite hostname="Hcl-PC" failures="0" tests="1" name="demoTests.Demo_1" time="26.574" errors="0" timestamp="2023-10-08T16:49:33 IST" skipped="0">
  <testcase classname="demoTests.Demo_1" name="jsonParsingReal" time="26.574"/>
  <system-out/>
</testsuite> <!-- demoTests.Demo_1 -->
