<?xml version="1.0" encoding="UTF-8"?>
<!-- Generated by org.testng.reporters.JUnitReportReporter -->
<testsuite hostname="Hcl-PC" failures="0" tests="5" name="jsonServer.CRUD_DB" time="4.674" errors="0" timestamp="2023-09-14T19:02:30 IST" skipped="0">
  <testcase classname="jsonServer.CRUD_DB" name="deleteRequest" time="3.682"/>
  <system-out/>
  <testcase classname="jsonServer.CRUD_DB" name="postRequest" time="0.612"/>
  <system-out/>
  <testcase classname="jsonServer.CRUD_DB" name="putRequest" time="0.246"/>
  <system-out/>
  <testcase classname="jsonServer.CRUD_DB" name="patchRequest" time="0.098"/>
  <system-out/>
  <testcase classname="jsonServer.CRUD_DB" name="getRequest" time="0.036"/>
  <system-out/>
</testsuite> <!-- jsonServer.CRUD_DB -->
