<?xml version="1.0" encoding="UTF-8"?>
<!-- Generated by org.testng.reporters.JUnitReportReporter -->
<testsuite hostname="Hcl-PC" failures="0" tests="1" name="githubRepos.PatchRequest" time="68.316" errors="0" timestamp="2023-08-28T01:58:12 IST" skipped="0">
  <testcase classname="githubRepos.PatchRequest" name="updateRepository" time="68.316"/>
  <system-out/>
</testsuite> <!-- githubRepos.PatchRequest -->
