<?xml version="1.0" encoding="UTF-8"?>
<!-- Generated by org.testng.reporters.JUnitReportReporter -->
<testsuite hostname="Hcl-PC" failures="0" tests="1" name="jsonParsingDemo.JsonExtractReqres" time="4.021" errors="0" timestamp="2023-08-29T06:48:36 IST" skipped="0">
  <testcase classname="jsonParsingDemo.JsonExtractReqres" name="reqresExtract" time="4.021"/>
  <system-out/>
</testsuite> <!-- jsonParsingDemo.JsonExtractReqres -->
